<?xml version="1.0" encoding="UTF-8"?>
<testng-results skipped="0" failed="0" total="1" passed="1">
  <reporter-output>
  </reporter-output>
  <suite name="Default suite" duration-ms="11387" started-at="2019-05-15T12:29:26Z" finished-at="2019-05-15T12:29:37Z">
    <groups>
    </groups>
    <test name="Default test" duration-ms="11387" started-at="2019-05-15T12:29:26Z" finished-at="2019-05-15T12:29:37Z">
      <class name="testcases.tc2">
        <test-method status="PASS" signature="launch()[pri:0, instance:testcases.tc2@1c62251]" name="launch" is-config="true" duration-ms="6753" started-at="2019-05-15T17:59:26Z" finished-at="2019-05-15T17:59:33Z">
          <reporter-output>
          </reporter-output>
        </test-method> <!-- launch -->
        <test-method status="PASS" signature="tc_002()[pri:0, instance:testcases.tc2@1c62251]" name="tc_002" duration-ms="3945" started-at="2019-05-15T17:59:33Z" finished-at="2019-05-15T17:59:37Z">
          <reporter-output>
          </reporter-output>
        </test-method> <!-- tc_002 -->
        <test-method status="PASS" signature="close()[pri:0, instance:testcases.tc2@1c62251]" name="close" is-config="true" duration-ms="653" started-at="2019-05-15T17:59:37Z" finished-at="2019-05-15T17:59:37Z">
          <reporter-output>
          </reporter-output>
        </test-method> <!-- close -->
      </class> <!-- testcases.tc2 -->
    </test> <!-- Default test -->
  </suite> <!-- Default suite -->
</testng-results>
